12:41:00 [INFO] -------------------------------------------------------------------------------------------------------------
12:41:00 [INFO] Program starts!
12:41:00 [INFO] Using default config file: config.toml
12:41:00 [INFO] 
12:41:00 [INFO] Local settings:
12:41:00 [INFO]   root_dir: "./web_test"
12:41:00 [INFO]   sub_dir: "eset_upd"
12:41:00 [INFO]   update_ver_new: "/dll/update.ver"
12:41:00 [INFO]   update_ver_old: "/dll/.update.ver"
12:41:00 [INFO] 
12:41:00 [INFO] Remote settings:
12:41:00 [INFO]   host: "http://av.no-ip.org"
12:41:00 [INFO]   host_path: "eset_upd"
12:41:00 [INFO]   user: "my_user"
12:41:00 [INFO]   password: "my_password"
12:41:00 [INFO]   user_agent: "EEA Update (Windows; U; 64bit; BPC 11.0.2044.0; OS: 10.0.26100 SP 0.0 NT; HWF: 921b979f-686d-4fa2-bebb-3ffe2ab877da; PLOC ru_ru; PCODE 107.0.0; PAR -1; ATH -1; DC 0; PLID 3AC-9SP-9D9; SEAT 154b3474; RET 2107)"
12:41:00 [INFO] 
12:41:00 [INFO] Main settings:
12:41:00 [INFO]   chosen platform(s): ["x64"]
12:41:00 [INFO] 
12:41:02 [INFO] File ./web_test/eset_upd/dll/update.ver downloaded successfully
12:41:02 [INFO] Checking if old .update.ver file exists...
12:41:02 [INFO] ./web_test/eset_upd/dll/.update.ver exists! Starting differential downloadig of fresh NUP-files.
12:41:02 [INFO] -------------------------------------------------------------------------------------------------------------
12:41:02 [INFO] New module in update.ver: 
12:41:02 [INFO]  -> Module name: "CONTINUOUS_008K_X64_4" 
12:41:02 [INFO]  -> File: "/businesslatest-rel-sta/mod_008_epfw_km_1641/em008k_64_n4.dll.nup"
12:41:02 [INFO] nup_path: http://av.no-ip.org/businesslatest-rel-sta/mod_008_epfw_km_1641/em008k_64_n4.dll.nup
12:41:03 [INFO] File ./web_test/businesslatest-rel-sta/mod_008_epfw_km_1641/em008k_64_n4.dll.nup downloaded successfully
12:41:03 [INFO] -------------------------------------------------------------------------------------------------------------
12:41:03 [INFO] New module in update.ver: 
12:41:03 [INFO]  -> Module name: "CONTINUOUS_017_X64_4" 
12:41:03 [INFO]  -> File: "/businesslatest-rel-sta/mod_017_translator_2145/em017_64_n4.dll.nup"
12:41:03 [INFO] nup_path: http://av.no-ip.org/businesslatest-rel-sta/mod_017_translator_2145/em017_64_n4.dll.nup
